-------------------------------------------------------------------------------
Test set: io.swagger.api.TransactionsApiControllerIntegrationTest
-------------------------------------------------------------------------------
Tests run: 3, Failures: 3, Errors: 0, Skipped: 0, Time elapsed: 0.226 s <<< FAILURE! - in io.swagger.api.TransactionsApiControllerIntegrationTest
getTransactionByIdTest(io.swagger.api.TransactionsApiControllerIntegrationTest)  Time elapsed: 0.003 s  <<< FAILURE!
java.lang.AssertionError: expected:<501 NOT_IMPLEMENTED> but was:<404 NOT_FOUND>
	at io.swagger.api.TransactionsApiControllerIntegrationTest.getTransactionByIdTest(TransactionsApiControllerIntegrationTest.java:54)

createTransactionTest(io.swagger.api.TransactionsApiControllerIntegrationTest)  Time elapsed: 0 s  <<< FAILURE!
java.lang.AssertionError: expected:<501 NOT_IMPLEMENTED> but was:<400 BAD_REQUEST>
	at io.swagger.api.TransactionsApiControllerIntegrationTest.createTransactionTest(TransactionsApiControllerIntegrationTest.java:30)

fetchTransactionTest(io.swagger.api.TransactionsApiControllerIntegrationTest)  Time elapsed: 0.223 s  <<< FAILURE!
java.lang.AssertionError: expected:<501 NOT_IMPLEMENTED> but was:<200 OK>
	at io.swagger.api.TransactionsApiControllerIntegrationTest.fetchTransactionTest(TransactionsApiControllerIntegrationTest.java:47)

